<?xml version="1.0" encoding="UTF-8"?>
<testng-results ignored="0" total="1" passed="1" failed="0" skipped="0">
  <reporter-output>
  </reporter-output>
  <suite started-at="2023-06-24T15:47:25Z" name="Default suite" finished-at="2023-06-24T15:47:29Z" duration-ms="3819">
    <groups>
    </groups>
    <test started-at="2023-06-24T15:47:25Z" name="Default test" finished-at="2023-06-24T15:47:29Z" duration-ms="3819">
      <class name="test.ActionsAndFrames">
        <test-method is-config="true" signature="init()[pri:0, instance:test.ActionsAndFrames@ffaa6af]" started-at="2023-06-24T15:47:25Z" name="init" finished-at="2023-06-24T15:47:28Z" duration-ms="3377" status="PASS">
          <reporter-output>
          </reporter-output>
        </test-method> <!-- init -->
        <test-method signature="testActions()[pri:0, instance:test.ActionsAndFrames@ffaa6af]" started-at="2023-06-24T15:47:28Z" name="testActions" finished-at="2023-06-24T15:47:29Z" duration-ms="424" status="PASS">
          <reporter-output>
          </reporter-output>
        </test-method> <!-- testActions -->
      </class> <!-- test.ActionsAndFrames -->
    </test> <!-- Default test -->
  </suite> <!-- Default suite -->
</testng-results>
